# JRE version: Java(TM) SE Runtime Environment 18.9 (11.0.13+10) (build 11.0.13+10-LTS-370)
# Java VM: Java HotSpot(TM) 64-Bit Server VM 18.9 (11.0.13+10-LTS-370, mixed mode, tiered, compressed oops, g1 gc, windows-amd64)
Heap:
 garbage-first heap   total 65536K, used 24272K [0x00000000fc000000, 0x0000000100000000)
  region size 1024K, 10 young (10240K), 1 survivors (1024K)
 Metaspace       used 38036K, capacity 39279K, committed 39452K, reserved 1083392K
  class space    used 4651K, capacity 5121K, committed 5228K, reserved 1048576K
GC Heap History (10 events):
Event: 30036.533 GC heap before
{Heap before GC invocations=37 (full 0):
 garbage-first heap   total 65536K, used 53961K [0x00000000fc000000, 0x0000000100000000)
  region size 1024K, 38 young (38912K), 1 survivors (1024K)
 Metaspace       used 38036K, capacity 39279K, committed 39452K, reserved 1083392K
  class space    used 4651K, capacity 5121K, committed 5228K, reserved 1048576K
}
Event: 30036.534 GC heap after
{Heap after GC invocations=38 (full 0):
 garbage-first heap   total 65536K, used 16077K [0x00000000fc000000, 0x0000000100000000)
  region size 1024K, 1 young (1024K), 1 survivors (1024K)
 Metaspace       used 38036K, capacity 39279K, committed 39452K, reserved 1083392K
  class space    used 4651K, capacity 5121K, committed 5228K, reserved 1048576K
}
Event: 31290.366 GC heap before
{Heap before GC invocations=38 (full 0):
 garbage-first heap   total 65536K, used 53965K [0x00000000fc000000, 0x0000000100000000)
  region size 1024K, 38 young (38912K), 1 survivors (1024K)
 Metaspace       used 38036K, capacity 39279K, committed 39452K, reserved 1083392K
  class space    used 4651K, capacity 5121K, committed 5228K, reserved 1048576K
}
Event: 31290.367 GC heap after
{Heap after GC invocations=39 (full 0):
 garbage-first heap   total 65536K, used 16077K [0x00000000fc000000, 0x0000000100000000)
  region size 1024K, 1 young (1024K), 1 survivors (1024K)
 Metaspace       used 38036K, capacity 39279K, committed 39452K, reserved 1083392K
  class space    used 4651K, capacity 5121K, committed 5228K, reserved 1048576K
}
Event: 71508.718 GC heap before
{Heap before GC invocations=39 (full 0):
 garbage-first heap   total 65536K, used 53965K [0x00000000fc000000, 0x0000000100000000)
  region size 1024K, 38 young (38912K), 1 survivors (1024K)
 Metaspace       used 38036K, capacity 39279K, committed 39452K, reserved 1083392K
  class space    used 4651K, capacity 5121K, committed 5228K, reserved 1048576K
}
Event: 71508.720 GC heap after
{Heap after GC invocations=40 (full 0):
 garbage-first heap   total 65536K, used 16073K [0x00000000fc000000, 0x0000000100000000)
  region size 1024K, 1 young (1024K), 1 survivors (1024K)
 Metaspace       used 38036K, capacity 39279K, committed 39452K, reserved 1083392K
  class space    used 4651K, capacity 5121K, committed 5228K, reserved 1048576K
}
Event: 72800.853 GC heap before
{Heap before GC invocations=40 (full 0):
 garbage-first heap   total 65536K, used 53961K [0x00000000fc000000, 0x0000000100000000)
  region size 1024K, 38 young (38912K), 1 survivors (1024K)
 Metaspace       used 38036K, capacity 39279K, committed 39452K, reserved 1083392K
  class space    used 4651K, capacity 5121K, committed 5228K, reserved 1048576K
}
Event: 72800.869 GC heap after
{Heap after GC invocations=41 (full 0):
 garbage-first heap   total 65536K, used 16077K [0x00000000fc000000, 0x0000000100000000)
  region size 1024K, 1 young (1024K), 1 survivors (1024K)
 Metaspace       used 38036K, capacity 39279K, committed 39452K, reserved 1083392K
  class space    used 4651K, capacity 5121K, committed 5228K, reserved 1048576K
}
Event: 74162.566 GC heap before
{Heap before GC invocations=41 (full 0):
 garbage-first heap   total 65536K, used 53965K [0x00000000fc000000, 0x0000000100000000)
  region size 1024K, 38 young (38912K), 1 survivors (1024K)
 Metaspace       used 38036K, capacity 39279K, committed 39452K, reserved 1083392K
  class space    used 4651K, capacity 5121K, committed 5228K, reserved 1048576K
}
Event: 74162.583 GC heap after
{Heap after GC invocations=42 (full 0):
 garbage-first heap   total 65536K, used 16080K [0x00000000fc000000, 0x0000000100000000)
  region size 1024K, 1 young (1024K), 1 survivors (1024K)
 Metaspace       used 38036K, capacity 39279K, committed 39452K, reserved 1083392K
  class space    used 4651K, capacity 5121K, committed 5228K, reserved 1048576K
}

